[INFO] Mon Dec 29 18:05:08 CET 2025 - System starting...
[INFO] Mon Dec 29 18:05:08 CET 2025 - Order 101 completed successfully
[ERROR] Mon Dec 29 18:05:08 CET 2025 - CRITICAL ERROR: Physical barcode scanner device not found! System cannot continue!
[INFO] Mon Dec 29 18:05:08 CET 2025 - System shutting down...
[INFO] Mon Dec 29 18:05:50 CET 2025 - System starting...
[INFO] Mon Dec 29 18:05:50 CET 2025 - Order 101 completed successfully
[ERROR] Mon Dec 29 18:05:50 CET 2025 - CRITICAL ERROR: Physical barcode scanner device not found! System cannot continue!
[INFO] Mon Dec 29 18:05:50 CET 2025 - System shutting down...
[INFO] Mon Dec 29 18:06:40 CET 2025 - System starting...
[INFO] Mon Dec 29 18:06:40 CET 2025 - Order 101 completed successfully
[ERROR] Mon Dec 29 18:06:41 CET 2025 - CRITICAL ERROR: Physical barcode scanner device not found! System cannot continue!
[INFO] Mon Dec 29 18:06:41 CET 2025 - System shutting down...
[INFO] Mon Dec 29 18:07:07 CET 2025 - System starting...
[INFO] Mon Dec 29 18:07:07 CET 2025 - Order 101 completed successfully
[ERROR] Mon Dec 29 18:07:07 CET 2025 - CRITICAL ERROR: Physical barcode scanner device not found! System cannot continue!
[INFO] Mon Dec 29 18:07:07 CET 2025 - System shutting down...
[INFO] Mon Dec 29 18:12:53 CET 2025 - System starting...
[INFO] Mon Dec 29 18:12:53 CET 2025 - Order 101 completed successfully
[ERROR] Mon Dec 29 18:12:53 CET 2025 - CRITICAL ERROR: Physical barcode scanner device not found! System cannot continue!
[INFO] Mon Dec 29 18:12:53 CET 2025 - System shutting down...
[INFO] Mon Dec 29 18:14:02 CET 2025 - System starting...
[INFO] Mon Dec 29 18:14:02 CET 2025 - Order 101 completed successfully
[ERROR] Mon Dec 29 18:14:02 CET 2025 - CRITICAL ERROR: Physical barcode scanner device not found! System cannot continue!
[INFO] Mon Dec 29 18:14:02 CET 2025 - System shutting down...
[INFO] Mon Dec 29 18:15:32 CET 2025 - System starting...
[INFO] Mon Dec 29 18:15:33 CET 2025 - Order 101 completed successfully
[ERROR] Mon Dec 29 18:15:33 CET 2025 - CRITICAL ERROR: Physical barcode scanner device not found! System cannot continue!
[INFO] Mon Dec 29 18:15:33 CET 2025 - System shutting down...
[INFO] Tue Jan 06 12:17:39 CET 2026 - System starting...
[INFO] Tue Jan 06 12:17:40 CET 2026 - Order 101 completed successfully
[ERROR] Tue Jan 06 12:17:40 CET 2026 - CRITICAL ERROR: Physical barcode scanner device not found! System cannot continue!
[INFO] Tue Jan 06 12:17:40 CET 2026 - System shutting down...
[INFO] Tue Jan 06 12:28:48 CET 2026 - System starting...
[INFO] Tue Jan 06 12:28:48 CET 2026 - Order 101 completed successfully
[ERROR] Tue Jan 06 12:28:48 CET 2026 - CRITICAL ERROR: Physical barcode scanner device not found! System cannot continue!
[INFO] Tue Jan 06 12:28:48 CET 2026 - System shutting down...
